"C:\Program Files\Java\jdk1.8.0_201\bin\java.exe" -XX:TieredStopAtLevel=1 -noverify -Dspring.output.ansi.enabled=always -Dcom.sun.management.jmxremote -Dspring.jmx.enabled=true -Dspring.liveBeansView.mbeanDomain -Dspring.application.admin.enabled=true "-javaagent:C:\Program Files\JetBrains\IntelliJ IDEA 2019.2\lib\idea_rt.jar=53600:C:\Program Files\JetBrains\IntelliJ IDEA 2019.2\bin" -Dfile.encoding=UTF-8 -classpath "C:\Program Files\Java\jdk1.8.0_201\jre\lib\charsets.jar;C:\Program Files\Java\jdk1.8.0_201\jre\lib\deploy.jar;C:\Program Files\Java\jdk1.8.0_201\jre\lib\ext\access-bridge-64.jar;C:\Program Files\Java\jdk1.8.0_201\jre\lib\ext\cldrdata.jar;C:\Program Files\Java\jdk1.8.0_201\jre\lib\ext\dnsns.jar;C:\Program Files\Java\jdk1.8.0_201\jre\lib\ext\jaccess.jar;C:\Program Files\Java\jdk1.8.0_201\jre\lib\ext\jfxrt.jar;C:\Program Files\Java\jdk1.8.0_201\jre\lib\ext\localedata.jar;C:\Program Files\Java\jdk1.8.0_201\jre\lib\ext\nashorn.jar;C:\Program Files\Java\jdk1.8.0_201\jre\lib\ext\sunec.jar;C:\Program Files\Java\jdk1.8.0_201\jre\lib\ext\sunjce_provider.jar;C:\Program Files\Java\jdk1.8.0_201\jre\lib\ext\sunmscapi.jar;C:\Program Files\Java\jdk1.8.0_201\jre\lib\ext\sunpkcs11.jar;C:\Program Files\Java\jdk1.8.0_201\jre\lib\ext\zipfs.jar;C:\Program Files\Java\jdk1.8.0_201\jre\lib\javaws.jar;C:\Program Files\Java\jdk1.8.0_201\jre\lib\jce.jar;C:\Program Files\Java\jdk1.8.0_201\jre\lib\jfr.jar;C:\Program Files\Java\jdk1.8.0_201\jre\lib\jfxswt.jar;C:\Program Files\Java\jdk1.8.0_201\jre\lib\jsse.jar;C:\Program Files\Java\jdk1.8.0_201\jre\lib\management-agent.jar;C:\Program Files\Java\jdk1.8.0_201\jre\lib\plugin.jar;C:\Program Files\Java\jdk1.8.0_201\jre\lib\resources.jar;C:\Program Files\Java\jdk1.8.0_201\jre\lib\rt.jar;C:\project\game-api\oauth-server\target\classes;C:\Users\1\.m2\repository\org\springframework\cloud\spring-cloud-starter-oauth2\2.1.3.RELEASE\spring-cloud-starter-oauth2-2.1.3.RELEASE.jar;C:\Users\1\.m2\repository\org\springframework\cloud\spring-cloud-starter-security\2.1.3.RELEASE\spring-cloud-starter-security-2.1.3.RELEASE.jar;C:\Users\1\.m2\repository\org\springframework\cloud\spring-cloud-starter\2.1.2.RELEASE\spring-cloud-starter-2.1.2.RELEASE.jar;C:\Users\1\.m2\repository\org\springframework\cloud\spring-cloud-context\2.1.2.RELEASE\spring-cloud-context-2.1.2.RELEASE.jar;C:\Users\1\.m2\repository\org\springframework\security\spring-security-crypto\5.1.6.RELEASE\spring-security-crypto-5.1.6.RELEASE.jar;C:\Users\1\.m2\repository\org\springframework\cloud\spring-cloud-commons\2.1.2.RELEASE\spring-cloud-commons-2.1.2.RELEASE.jar;C:\Users\1\.m2\repository\org\springframework\security\spring-security-rsa\1.0.7.RELEASE\spring-security-rsa-1.0.7.RELEASE.jar;C:\Users\1\.m2\repository\org\springframework\boot\spring-boot-starter-actuator\2.1.7.RELEASE\spring-boot-starter-actuator-2.1.7.RELEASE.jar;C:\Users\1\.m2\repository\org\springframework\boot\spring-boot-actuator-autoconfigure\2.1.7.RELEASE\spring-boot-actuator-autoconfigure-2.1.7.RELEASE.jar;C:\Users\1\.m2\repository\org\springframework\boot\spring-boot-actuator\2.1.7.RELEASE\spring-boot-actuator-2.1.7.RELEASE.jar;C:\Users\1\.m2\repository\com\fasterxml\jackson\datatype\jackson-datatype-jsr310\2.9.9\jackson-datatype-jsr310-2.9.9.jar;C:\Users\1\.m2\repository\io\micrometer\micrometer-core\1.1.5\micrometer-core-1.1.5.jar;C:\Users\1\.m2\repository\org\hdrhistogram\HdrHistogram\2.1.9\HdrHistogram-2.1.9.jar;C:\Users\1\.m2\repository\org\latencyutils\LatencyUtils\2.0.3\LatencyUtils-2.0.3.jar;C:\Users\1\.m2\repository\org\springframework\cloud\spring-cloud-security\2.1.3.RELEASE\spring-cloud-security-2.1.3.RELEASE.jar;C:\Users\1\.m2\repository\org\springframework\boot\spring-boot-starter-security\2.1.7.RELEASE\spring-boot-starter-security-2.1.7.RELEASE.jar;C:\Users\1\.m2\repository\org\springframework\security\oauth\boot\spring-security-oauth2-autoconfigure\2.1.2.RELEASE\spring-security-oauth2-autoconfigure-2.1.2.RELEASE.jar;C:\Users\1\.m2\repository\com\fasterxml\jackson\core\jackson-annotations\2.9.0\jackson-annotations-2.9.0.jar;C:\Users\1\.m2\repository\com\sun\xml\bind\jaxb-core\2.3.0.1\jaxb-core-2.3.0.1.jar;C:\Users\1\.m2\repository\com\sun\xml\bind\jaxb-impl\2.3.0.1\jaxb-impl-2.3.0.1.jar;C:\Users\1\.m2\repository\org\springframework\boot\spring-boot\2.1.7.RELEASE\spring-boot-2.1.7.RELEASE.jar;C:\Users\1\.m2\repository\org\springframework\spring-context\5.1.9.RELEASE\spring-context-5.1.9.RELEASE.jar;C:\Users\1\.m2\repository\org\springframework\spring-expression\5.1.9.RELEASE\spring-expression-5.1.9.RELEASE.jar;C:\Users\1\.m2\repository\org\springframework\boot\spring-boot-autoconfigure\2.1.7.RELEASE\spring-boot-autoconfigure-2.1.7.RELEASE.jar;C:\Users\1\.m2\repository\org\springframework\security\oauth\spring-security-oauth2\2.3.4.RELEASE\spring-security-oauth2-2.3.4.RELEASE.jar;C:\Users\1\.m2\repository\org\springframework\spring-beans\5.1.9.RELEASE\spring-beans-5.1.9.RELEASE.jar;C:\Users\1\.m2\repository\org\springframework\spring-webmvc\5.1.9.RELEASE\spring-webmvc-5.1.9.RELEASE.jar;C:\Users\1\.m2\repository\org\springframework\security\spring-security-core\5.1.6.RELEASE\spring-security-core-5.1.6.RELEASE.jar;C:\Users\1\.m2\repository\org\springframework\security\spring-security-config\5.1.6.RELEASE\spring-security-config-5.1.6.RELEASE.jar;C:\Users\1\.m2\repository\org\springframework\security\spring-security-web\5.1.6.RELEASE\spring-security-web-5.1.6.RELEASE.jar;C:\Users\1\.m2\repository\commons-codec\commons-codec\1.11\commons-codec-1.11.jar;C:\Users\1\.m2\repository\org\codehaus\jackson\jackson-mapper-asl\1.9.13\jackson-mapper-asl-1.9.13.jar;C:\Users\1\.m2\repository\org\codehaus\jackson\jackson-core-asl\1.9.13\jackson-core-asl-1.9.13.jar;C:\Users\1\.m2\repository\org\springframework\spring-web\5.1.9.RELEASE\spring-web-5.1.9.RELEASE.jar;C:\Users\1\.m2\repository\javax\activation\javax.activation-api\1.2.0\javax.activation-api-1.2.0.jar;C:\Users\1\.m2\repository\javax\xml\bind\jaxb-api\2.3.1\jaxb-api-2.3.1.jar;C:\Users\1\.m2\repository\org\springframework\security\spring-security-jwt\1.0.9.RELEASE\spring-security-jwt-1.0.9.RELEASE.jar;C:\Users\1\.m2\repository\org\bouncycastle\bcpkix-jdk15on\1.56\bcpkix-jdk15on-1.56.jar;C:\Users\1\.m2\repository\org\bouncycastle\bcprov-jdk15on\1.56\bcprov-jdk15on-1.56.jar;C:\Users\1\.m2\repository\io\jsonwebtoken\jjwt\0.9.1\jjwt-0.9.1.jar;C:\Users\1\.m2\repository\com\fasterxml\jackson\core\jackson-databind\2.9.9\jackson-databind-2.9.9.jar;C:\Users\1\.m2\repository\com\fasterxml\jackson\core\jackson-core\2.9.9\jackson-core-2.9.9.jar;C:\Users\1\.m2\repository\javax\servlet\servlet-api\2.5\servlet-api-2.5.jar;C:\Users\1\.m2\repository\commons-lang\commons-lang\2.6\commons-lang-2.6.jar;C:\Users\1\.m2\repository\org\springframework\boot\spring-boot-starter-data-redis\2.1.7.RELEASE\spring-boot-starter-data-redis-2.1.7.RELEASE.jar;C:\Users\1\.m2\repository\org\springframework\boot\spring-boot-starter\2.1.7.RELEASE\spring-boot-starter-2.1.7.RELEASE.jar;C:\Users\1\.m2\repository\org\springframework\boot\spring-boot-starter-logging\2.1.7.RELEASE\spring-boot-starter-logging-2.1.7.RELEASE.jar;C:\Users\1\.m2\repository\ch\qos\logback\logback-classic\1.2.3\logback-classic-1.2.3.jar;C:\Users\1\.m2\repository\ch\qos\logback\logback-core\1.2.3\logback-core-1.2.3.jar;C:\Users\1\.m2\repository\org\apache\logging\log4j\log4j-to-slf4j\2.11.2\log4j-to-slf4j-2.11.2.jar;C:\Users\1\.m2\repository\org\apache\logging\log4j\log4j-api\2.11.2\log4j-api-2.11.2.jar;C:\Users\1\.m2\repository\org\slf4j\jul-to-slf4j\1.7.26\jul-to-slf4j-1.7.26.jar;C:\Users\1\.m2\repository\javax\annotation\javax.annotation-api\1.3.2\javax.annotation-api-1.3.2.jar;C:\Users\1\.m2\repository\org\yaml\snakeyaml\1.23\snakeyaml-1.23.jar;C:\Users\1\.m2\repository\org\springframework\data\spring-data-redis\2.1.10.RELEASE\spring-data-redis-2.1.10.RELEASE.jar;C:\Users\1\.m2\repository\org\springframework\data\spring-data-keyvalue\2.1.10.RELEASE\spring-data-keyvalue-2.1.10.RELEASE.jar;C:\Users\1\.m2\repository\org\springframework\data\spring-data-commons\2.1.10.RELEASE\spring-data-commons-2.1.10.RELEASE.jar;C:\Users\1\.m2\repository\org\springframework\spring-tx\5.1.9.RELEASE\spring-tx-5.1.9.RELEASE.jar;C:\Users\1\.m2\repository\org\springframework\spring-oxm\5.1.9.RELEASE\spring-oxm-5.1.9.RELEASE.jar;C:\Users\1\.m2\repository\org\springframework\spring-aop\5.1.9.RELEASE\spring-aop-5.1.9.RELEASE.jar;C:\Users\1\.m2\repository\org\springframework\spring-context-support\5.1.9.RELEASE\spring-context-support-5.1.9.RELEASE.jar;C:\Users\1\.m2\repository\org\slf4j\slf4j-api\1.7.26\slf4j-api-1.7.26.jar;C:\Users\1\.m2\repository\io\lettuce\lettuce-core\5.1.8.RELEASE\lettuce-core-5.1.8.RELEASE.jar;C:\Users\1\.m2\repository\io\netty\netty-common\4.1.38.Final\netty-common-4.1.38.Final.jar;C:\Users\1\.m2\repository\io\netty\netty-handler\4.1.38.Final\netty-handler-4.1.38.Final.jar;C:\Users\1\.m2\repository\io\netty\netty-buffer\4.1.38.Final\netty-buffer-4.1.38.Final.jar;C:\Users\1\.m2\repository\io\netty\netty-codec\4.1.38.Final\netty-codec-4.1.38.Final.jar;C:\Users\1\.m2\repository\io\netty\netty-transport\4.1.38.Final\netty-transport-4.1.38.Final.jar;C:\Users\1\.m2\repository\io\netty\netty-resolver\4.1.38.Final\netty-resolver-4.1.38.Final.jar;C:\Users\1\.m2\repository\io\projectreactor\reactor-core\3.2.11.RELEASE\reactor-core-3.2.11.RELEASE.jar;C:\Users\1\.m2\repository\org\reactivestreams\reactive-streams\1.0.2\reactive-streams-1.0.2.jar;C:\Users\1\.m2\repository\org\projectlombok\lombok\1.18.8\lombok-1.18.8.jar;C:\Users\1\.m2\repository\org\springframework\spring-core\5.1.9.RELEASE\spring-core-5.1.9.RELEASE.jar;C:\Users\1\.m2\repository\org\springframework\spring-jcl\5.1.9.RELEASE\spring-jcl-5.1.9.RELEASE.jar" dolores.oauthserver.OauthServerApplication
2019-08-27 09:48:20.478  INFO 13016 --- [           main] trationDelegate$BeanPostProcessorChecker : Bean 'org.springframework.cloud.autoconfigure.ConfigurationPropertiesRebinderAutoConfiguration' of type [org.springframework.cloud.autoconfigure.ConfigurationPropertiesRebinderAutoConfiguration$$EnhancerBySpringCGLIB$$7f62e33e] is not eligible for getting processed by all BeanPostProcessors (for example: not eligible for auto-proxying)
2019-08-27 09:48:20.765 DEBUG 13016 --- [           main] .c.l.ClasspathLoggingApplicationListener : Application started with classpath: [file:/C:/Program%20Files/Java/jdk1.8.0_201/jre/lib/charsets.jar, file:/C:/Program%20Files/Java/jdk1.8.0_201/jre/lib/deploy.jar, file:/C:/Program%20Files/Java/jdk1.8.0_201/jre/lib/ext/access-bridge-64.jar, file:/C:/Program%20Files/Java/jdk1.8.0_201/jre/lib/ext/cldrdata.jar, file:/C:/Program%20Files/Java/jdk1.8.0_201/jre/lib/ext/dnsns.jar, file:/C:/Program%20Files/Java/jdk1.8.0_201/jre/lib/ext/jaccess.jar, file:/C:/Program%20Files/Java/jdk1.8.0_201/jre/lib/ext/jfxrt.jar, file:/C:/Program%20Files/Java/jdk1.8.0_201/jre/lib/ext/localedata.jar, file:/C:/Program%20Files/Java/jdk1.8.0_201/jre/lib/ext/nashorn.jar, file:/C:/Program%20Files/Java/jdk1.8.0_201/jre/lib/ext/sunec.jar, file:/C:/Program%20Files/Java/jdk1.8.0_201/jre/lib/ext/sunjce_provider.jar, file:/C:/Program%20Files/Java/jdk1.8.0_201/jre/lib/ext/sunmscapi.jar, file:/C:/Program%20Files/Java/jdk1.8.0_201/jre/lib/ext/sunpkcs11.jar, file:/C:/Program%20Files/Java/jdk1.8.0_201/jre/lib/ext/zipfs.jar, file:/C:/Program%20Files/Java/jdk1.8.0_201/jre/lib/javaws.jar, file:/C:/Program%20Files/Java/jdk1.8.0_201/jre/lib/jce.jar, file:/C:/Program%20Files/Java/jdk1.8.0_201/jre/lib/jfr.jar, file:/C:/Program%20Files/Java/jdk1.8.0_201/jre/lib/jfxswt.jar, file:/C:/Program%20Files/Java/jdk1.8.0_201/jre/lib/jsse.jar, file:/C:/Program%20Files/Java/jdk1.8.0_201/jre/lib/management-agent.jar, file:/C:/Program%20Files/Java/jdk1.8.0_201/jre/lib/plugin.jar, file:/C:/Program%20Files/Java/jdk1.8.0_201/jre/lib/resources.jar, file:/C:/Program%20Files/Java/jdk1.8.0_201/jre/lib/rt.jar, file:/C:/project/game-api/oauth-server/target/classes/, file:/C:/Users/1/.m2/repository/org/springframework/cloud/spring-cloud-starter-oauth2/2.1.3.RELEASE/spring-cloud-starter-oauth2-2.1.3.RELEASE.jar, file:/C:/Users/1/.m2/repository/org/springframework/cloud/spring-cloud-starter-security/2.1.3.RELEASE/spring-cloud-starter-security-2.1.3.RELEASE.jar, file:/C:/Users/1/.m2/repository/org/springframework/cloud/spring-cloud-starter/2.1.2.RELEASE/spring-cloud-starter-2.1.2.RELEASE.jar, file:/C:/Users/1/.m2/repository/org/springframework/cloud/spring-cloud-context/2.1.2.RELEASE/spring-cloud-context-2.1.2.RELEASE.jar, file:/C:/Users/1/.m2/repository/org/springframework/security/spring-security-crypto/5.1.6.RELEASE/spring-security-crypto-5.1.6.RELEASE.jar, file:/C:/Users/1/.m2/repository/org/springframework/cloud/spring-cloud-commons/2.1.2.RELEASE/spring-cloud-commons-2.1.2.RELEASE.jar, file:/C:/Users/1/.m2/repository/org/springframework/security/spring-security-rsa/1.0.7.RELEASE/spring-security-rsa-1.0.7.RELEASE.jar, file:/C:/Users/1/.m2/repository/org/springframework/boot/spring-boot-starter-actuator/2.1.7.RELEASE/spring-boot-starter-actuator-2.1.7.RELEASE.jar, file:/C:/Users/1/.m2/repository/org/springframework/boot/spring-boot-actuator-autoconfigure/2.1.7.RELEASE/spring-boot-actuator-autoconfigure-2.1.7.RELEASE.jar, file:/C:/Users/1/.m2/repository/org/springframework/boot/spring-boot-actuator/2.1.7.RELEASE/spring-boot-actuator-2.1.7.RELEASE.jar, file:/C:/Users/1/.m2/repository/com/fasterxml/jackson/datatype/jackson-datatype-jsr310/2.9.9/jackson-datatype-jsr310-2.9.9.jar, file:/C:/Users/1/.m2/repository/io/micrometer/micrometer-core/1.1.5/micrometer-core-1.1.5.jar, file:/C:/Users/1/.m2/repository/org/hdrhistogram/HdrHistogram/2.1.9/HdrHistogram-2.1.9.jar, file:/C:/Users/1/.m2/repository/org/latencyutils/LatencyUtils/2.0.3/LatencyUtils-2.0.3.jar, file:/C:/Users/1/.m2/repository/org/springframework/cloud/spring-cloud-security/2.1.3.RELEASE/spring-cloud-security-2.1.3.RELEASE.jar, file:/C:/Users/1/.m2/repository/org/springframework/boot/spring-boot-starter-security/2.1.7.RELEASE/spring-boot-starter-security-2.1.7.RELEASE.jar, file:/C:/Users/1/.m2/repository/org/springframework/security/oauth/boot/spring-security-oauth2-autoconfigure/2.1.2.RELEASE/spring-security-oauth2-autoconfigure-2.1.2.RELEASE.jar, file:/C:/Users/1/.m2/repository/com/fasterxml/jackson/core/jackson-annotations/2.9.0/jackson-annotations-2.9.0.jar, file:/C:/Users/1/.m2/repository/com/sun/xml/bind/jaxb-core/2.3.0.1/jaxb-core-2.3.0.1.jar, file:/C:/Users/1/.m2/repository/com/sun/xml/bind/jaxb-impl/2.3.0.1/jaxb-impl-2.3.0.1.jar, file:/C:/Users/1/.m2/repository/org/springframework/boot/spring-boot/2.1.7.RELEASE/spring-boot-2.1.7.RELEASE.jar, file:/C:/Users/1/.m2/repository/org/springframework/spring-context/5.1.9.RELEASE/spring-context-5.1.9.RELEASE.jar, file:/C:/Users/1/.m2/repository/org/springframework/spring-expression/5.1.9.RELEASE/spring-expression-5.1.9.RELEASE.jar, file:/C:/Users/1/.m2/repository/org/springframework/boot/spring-boot-autoconfigure/2.1.7.RELEASE/spring-boot-autoconfigure-2.1.7.RELEASE.jar, file:/C:/Users/1/.m2/repository/org/springframework/security/oauth/spring-security-oauth2/2.3.4.RELEASE/spring-security-oauth2-2.3.4.RELEASE.jar, file:/C:/Users/1/.m2/repository/org/springframework/spring-beans/5.1.9.RELEASE/spring-beans-5.1.9.RELEASE.jar, file:/C:/Users/1/.m2/repository/org/springframework/spring-webmvc/5.1.9.RELEASE/spring-webmvc-5.1.9.RELEASE.jar, file:/C:/Users/1/.m2/repository/org/springframework/security/spring-security-core/5.1.6.RELEASE/spring-security-core-5.1.6.RELEASE.jar, file:/C:/Users/1/.m2/repository/org/springframework/security/spring-security-config/5.1.6.RELEASE/spring-security-config-5.1.6.RELEASE.jar, file:/C:/Users/1/.m2/repository/org/springframework/security/spring-security-web/5.1.6.RELEASE/spring-security-web-5.1.6.RELEASE.jar, file:/C:/Users/1/.m2/repository/commons-codec/commons-codec/1.11/commons-codec-1.11.jar, file:/C:/Users/1/.m2/repository/org/codehaus/jackson/jackson-mapper-asl/1.9.13/jackson-mapper-asl-1.9.13.jar, file:/C:/Users/1/.m2/repository/org/codehaus/jackson/jackson-core-asl/1.9.13/jackson-core-asl-1.9.13.jar, file:/C:/Users/1/.m2/repository/org/springframework/spring-web/5.1.9.RELEASE/spring-web-5.1.9.RELEASE.jar, file:/C:/Users/1/.m2/repository/javax/activation/javax.activation-api/1.2.0/javax.activation-api-1.2.0.jar, file:/C:/Users/1/.m2/repository/javax/xml/bind/jaxb-api/2.3.1/jaxb-api-2.3.1.jar, file:/C:/Users/1/.m2/repository/org/springframework/security/spring-security-jwt/1.0.9.RELEASE/spring-security-jwt-1.0.9.RELEASE.jar, file:/C:/Users/1/.m2/repository/org/bouncycastle/bcpkix-jdk15on/1.56/bcpkix-jdk15on-1.56.jar, file:/C:/Users/1/.m2/repository/org/bouncycastle/bcprov-jdk15on/1.56/bcprov-jdk15on-1.56.jar, file:/C:/Users/1/.m2/repository/io/jsonwebtoken/jjwt/0.9.1/jjwt-0.9.1.jar, file:/C:/Users/1/.m2/repository/com/fasterxml/jackson/core/jackson-databind/2.9.9/jackson-databind-2.9.9.jar, file:/C:/Users/1/.m2/repository/com/fasterxml/jackson/core/jackson-core/2.9.9/jackson-core-2.9.9.jar, file:/C:/Users/1/.m2/repository/javax/servlet/servlet-api/2.5/servlet-api-2.5.jar, file:/C:/Users/1/.m2/repository/commons-lang/commons-lang/2.6/commons-lang-2.6.jar, file:/C:/Users/1/.m2/repository/org/springframework/boot/spring-boot-starter-data-redis/2.1.7.RELEASE/spring-boot-starter-data-redis-2.1.7.RELEASE.jar, file:/C:/Users/1/.m2/repository/org/springframework/boot/spring-boot-starter/2.1.7.RELEASE/spring-boot-starter-2.1.7.RELEASE.jar, file:/C:/Users/1/.m2/repository/org/springframework/boot/spring-boot-starter-logging/2.1.7.RELEASE/spring-boot-starter-logging-2.1.7.RELEASE.jar, file:/C:/Users/1/.m2/repository/ch/qos/logback/logback-classic/1.2.3/logback-classic-1.2.3.jar, file:/C:/Users/1/.m2/repository/ch/qos/logback/logback-core/1.2.3/logback-core-1.2.3.jar, file:/C:/Users/1/.m2/repository/org/apache/logging/log4j/log4j-to-slf4j/2.11.2/log4j-to-slf4j-2.11.2.jar, file:/C:/Users/1/.m2/repository/org/apache/logging/log4j/log4j-api/2.11.2/log4j-api-2.11.2.jar, file:/C:/Users/1/.m2/repository/org/slf4j/jul-to-slf4j/1.7.26/jul-to-slf4j-1.7.26.jar, file:/C:/Users/1/.m2/repository/javax/annotation/javax.annotation-api/1.3.2/javax.annotation-api-1.3.2.jar, file:/C:/Users/1/.m2/repository/org/yaml/snakeyaml/1.23/snakeyaml-1.23.jar, file:/C:/Users/1/.m2/repository/org/springframework/data/spring-data-redis/2.1.10.RELEASE/spring-data-redis-2.1.10.RELEASE.jar, file:/C:/Users/1/.m2/repository/org/springframework/data/spring-data-keyvalue/2.1.10.RELEASE/spring-data-keyvalue-2.1.10.RELEASE.jar, file:/C:/Users/1/.m2/repository/org/springframework/data/spring-data-commons/2.1.10.RELEASE/spring-data-commons-2.1.10.RELEASE.jar, file:/C:/Users/1/.m2/repository/org/springframework/spring-tx/5.1.9.RELEASE/spring-tx-5.1.9.RELEASE.jar, file:/C:/Users/1/.m2/repository/org/springframework/spring-oxm/5.1.9.RELEASE/spring-oxm-5.1.9.RELEASE.jar, file:/C:/Users/1/.m2/repository/org/springframework/spring-aop/5.1.9.RELEASE/spring-aop-5.1.9.RELEASE.jar, file:/C:/Users/1/.m2/repository/org/springframework/spring-context-support/5.1.9.RELEASE/spring-context-support-5.1.9.RELEASE.jar, file:/C:/Users/1/.m2/repository/org/slf4j/slf4j-api/1.7.26/slf4j-api-1.7.26.jar, file:/C:/Users/1/.m2/repository/io/lettuce/lettuce-core/5.1.8.RELEASE/lettuce-core-5.1.8.RELEASE.jar, file:/C:/Users/1/.m2/repository/io/netty/netty-common/4.1.38.Final/netty-common-4.1.38.Final.jar, file:/C:/Users/1/.m2/repository/io/netty/netty-handler/4.1.38.Final/netty-handler-4.1.38.Final.jar, file:/C:/Users/1/.m2/repository/io/netty/netty-buffer/4.1.38.Final/netty-buffer-4.1.38.Final.jar, file:/C:/Users/1/.m2/repository/io/netty/netty-codec/4.1.38.Final/netty-codec-4.1.38.Final.jar, file:/C:/Users/1/.m2/repository/io/netty/netty-transport/4.1.38.Final/netty-transport-4.1.38.Final.jar, file:/C:/Users/1/.m2/repository/io/netty/netty-resolver/4.1.38.Final/netty-resolver-4.1.38.Final.jar, file:/C:/Users/1/.m2/repository/io/projectreactor/reactor-core/3.2.11.RELEASE/reactor-core-3.2.11.RELEASE.jar, file:/C:/Users/1/.m2/repository/org/reactivestreams/reactive-streams/1.0.2/reactive-streams-1.0.2.jar, file:/C:/Users/1/.m2/repository/org/projectlombok/lombok/1.18.8/lombok-1.18.8.jar, file:/C:/Users/1/.m2/repository/org/springframework/spring-core/5.1.9.RELEASE/spring-core-5.1.9.RELEASE.jar, file:/C:/Users/1/.m2/repository/org/springframework/spring-jcl/5.1.9.RELEASE/spring-jcl-5.1.9.RELEASE.jar, file:/C:/Program%20Files/JetBrains/IntelliJ%20IDEA%202019.2/lib/idea_rt.jar]

  .   ____          _            __ _ _
 /\\ / ___'_ __ _ _(_)_ __  __ _ \ \ \ \
( ( )\___ | '_ | '_| | '_ \/ _` | \ \ \ \
 \\/  ___)| |_)| | | | | || (_| |  ) ) ) )
  '  |____| .__|_| |_|_| |_\__, | / / / /
 =========|_|==============|___/=/_/_/_/
 :: Spring Boot ::        (v2.1.7.RELEASE)

2019-08-27 09:48:20.774  INFO 13016 --- [           main] d.oauthserver.OauthServerApplication     : No active profile set, falling back to default profiles: default
2019-08-27 09:48:20.774 DEBUG 13016 --- [           main] o.s.boot.SpringApplication               : Loading source class dolores.oauthserver.OauthServerApplication
2019-08-27 09:48:20.783 DEBUG 13016 --- [           main] o.s.b.c.c.ConfigFileApplicationListener  : Loaded config file 'file:/C:/project/game-api/oauth-server/target/classes/application.yml' (classpath:/application.yml)
2019-08-27 09:48:20.784 DEBUG 13016 --- [           main] ConfigServletWebServerApplicationContext : Refreshing org.springframework.boot.web.servlet.context.AnnotationConfigServletWebServerApplicationContext@61eaec38
2019-08-27 09:48:20.788 DEBUG 13016 --- [           main] o.s.b.f.s.DefaultListableBeanFactory     : Creating shared instance of singleton bean 'org.springframework.context.annotation.internalConfigurationAnnotationProcessor'
2019-08-27 09:48:20.788 DEBUG 13016 --- [           main] o.s.b.f.s.DefaultListableBeanFactory     : Creating shared instance of singleton bean 'org.springframework.boot.autoconfigure.internalCachingMetadataReaderFactory'
2019-08-27 09:48:20.800 DEBUG 13016 --- [           main] o.s.c.a.ClassPathBeanDefinitionScanner   : Identified candidate component class: file [C:\project\game-api\oauth-server\target\classes\dolores\oauthserver\config\OAuth2CoreConfig.class]
2019-08-27 09:48:20.802 DEBUG 13016 --- [           main] o.s.c.e.PropertySourcesPropertyResolver  : Found key 'game.security.oauth2.storeType' in PropertySource 'applicationConfig: [classpath:/application.yml]' with value of type String
2019-08-27 09:48:20.802 DEBUG 13016 --- [           main] o.s.c.a.ClassPathBeanDefinitionScanner   : Identified candidate component class: file [C:\project\game-api\oauth-server\target\classes\dolores\oauthserver\config\TokenStoreConfig$JwtTokenConfig.class]
2019-08-27 09:48:20.808 DEBUG 13016 --- [           main] o.s.c.a.ClassPathBeanDefinitionScanner   : Identified candidate component class: file [C:\project\game-api\oauth-server\target\classes\dolores\oauthserver\config\TokenStoreConfig.class]
2019-08-27 09:48:20.812 DEBUG 13016 --- [           main] o.s.c.a.ClassPathBeanDefinitionScanner   : Identified candidate component class: file [C:\project\game-api\oauth-server\target\classes\dolores\oauthserver\controller\OAuthController.class]
2019-08-27 09:48:20.812 DEBUG 13016 --- [           main] o.s.c.a.ClassPathBeanDefinitionScanner   : Identified candidate component class: file [C:\project\game-api\oauth-server\target\classes\dolores\oauthserver\handler\AppLoginInSuccessHandler.class]
2019-08-27 09:48:20.813 DEBUG 13016 --- [           main] o.s.c.a.ClassPathBeanDefinitionScanner   : Identified candidate component class: file [C:\project\game-api\oauth-server\target\classes\dolores\oauthserver\security\GameUserDetailsService.class]
2019-08-27 09:48:20.813 DEBUG 13016 --- [           main] o.s.c.a.ClassPathBeanDefinitionScanner   : Identified candidate component class: file [C:\project\game-api\oauth-server\target\classes\dolores\oauthserver\security\SecurityConfig.class]
2019-08-27 09:48:20.815 DEBUG 13016 --- [           main] o.s.c.a.ClassPathBeanDefinitionScanner   : Identified candidate component class: file [C:\project\game-api\oauth-server\target\classes\dolores\oauthserver\service\GameAuthorizationServerConfig.class]
2019-08-27 09:48:20.815 DEBUG 13016 --- [           main] o.s.c.a.ClassPathBeanDefinitionScanner   : Identified candidate component class: file [C:\project\game-api\oauth-server\target\classes\dolores\oauthserver\service\GameResourceServerConfig.class]
2019-08-27 09:48:20.819 DEBUG 13016 --- [           main] o.s.c.e.PropertySourcesPropertyResolver  : Found key 'game.security.oauth2.storeType' in PropertySource 'applicationConfig: [classpath:/application.yml]' with value of type String
2019-08-27 09:48:20.820 DEBUG 13016 --- [           main] o.s.c.e.PropertySourcesPropertyResolver  : Found key 'game.security.oauth2.storeType' in PropertySource 'applicationConfig: [classpath:/application.yml]' with value of type String
2019-08-27 09:48:21.102 DEBUG 13016 --- [           main] o.s.c.e.PropertySourcesPropertyResolver  : Found key 'spring.jmx.enabled' in PropertySource 'configurationProperties' with value of type String
2019-08-27 09:48:21.135 DEBUG 13016 --- [           main] o.s.c.e.PropertySourcesPropertyResolver  : Found key 'spring.application.admin.enabled' in PropertySource 'configurationProperties' with value of type String
2019-08-27 09:48:21.177 DEBUG 13016 --- [           main] o.s.c.e.PropertySourcesPropertyResolver  : Found key 'server.port' in PropertySource 'configurationProperties' with value of type Integer
2019-08-27 09:48:21.177 DEBUG 13016 --- [           main] o.s.c.e.PropertySourcesPropertyResolver  : Found key 'server.port' in PropertySource 'configurationProperties' with value of type Integer
2019-08-27 09:48:21.187 DEBUG 13016 --- [           main] o.s.c.e.PropertySourcesPropertyResolver  : Found key 'game.security.oauth2.storeType' in PropertySource 'applicationConfig: [classpath:/application.yml]' with value of type String
2019-08-27 09:48:21.187 DEBUG 13016 --- [           main] o.s.c.e.PropertySourcesPropertyResolver  : Found key 'game.security.oauth2.storeType' in PropertySource 'applicationConfig: [classpath:/application.yml]' with value of type String
2019-08-27 09:48:21.203 DEBUG 13016 --- [           main] o.s.b.f.s.DefaultListableBeanFactory     : Creating shared instance of singleton bean 'org.springframework.boot.autoconfigure.condition.BeanTypeRegistry'
2019-08-27 09:48:21.282 DEBUG 13016 --- [           main] o.s.c.e.PropertySourcesPropertyResolver  : Found key 'spring.jmx.enabled' in PropertySource 'configurationProperties' with value of type String
2019-08-27 09:48:21.343 DEBUG 13016 --- [           main] o.s.c.e.PropertySourcesPropertyResolver  : Found key 'spring.application.admin.enabled' in PropertySource 'configurationProperties' with value of type String
2019-08-27 09:48:21.361  INFO 13016 --- [           main] .s.d.r.c.RepositoryConfigurationDelegate : Multiple Spring Data modules found, entering strict repository configuration mode!
2019-08-27 09:48:21.365  INFO 13016 --- [           main] .s.d.r.c.RepositoryConfigurationDelegate : Bootstrapping Spring Data repositories in DEFAULT mode.
2019-08-27 09:48:21.374 DEBUG 13016 --- [           main] o.s.b.f.s.DefaultListableBeanFactory     : Creating shared instance of singleton bean 'org.springframework.boot.autoconfigure.AutoConfigurationPackages'
2019-08-27 09:48:21.378 DEBUG 13016 --- [           main] o.s.b.a.AutoConfigurationPackages        : @EnableAutoConfiguration was declared on a class in the package 'dolores.oauthserver'. Automatic @Repository and @Entity scanning is enabled.
2019-08-27 09:48:21.379 DEBUG 13016 --- [           main] .s.d.r.c.RepositoryConfigurationDelegate : Scanning for repositories in packages dolores.oauthserver.
2019-08-27 09:48:21.389  INFO 13016 --- [           main] .s.d.r.c.RepositoryConfigurationDelegate : Finished Spring Data repository scanning in 9ms. Found 0 repository interfaces.
2019-08-27 09:48:21.422 DEBUG 13016 --- [           main] o.s.boot.diagnostics.FailureAnalyzers    : FailureAnalyzer org.springframework.boot.diagnostics.analyzer.ValidationExceptionFailureAnalyzer@5e8604bf failed

java.lang.TypeNotPresentException: Type javax.validation.ValidationException not present
	at sun.reflect.generics.factory.CoreReflectionFactory.makeNamedType(CoreReflectionFactory.java:117) ~[na:1.8.0_201]
	at sun.reflect.generics.visitor.Reifier.visitClassTypeSignature(Reifier.java:125) ~[na:1.8.0_201]
	at sun.reflect.generics.tree.ClassTypeSignature.accept(ClassTypeSignature.java:49) ~[na:1.8.0_201]
	at sun.reflect.generics.visitor.Reifier.reifyTypeArguments(Reifier.java:68) ~[na:1.8.0_201]
	at sun.reflect.generics.visitor.Reifier.visitClassTypeSignature(Reifier.java:138) ~[na:1.8.0_201]
	at sun.reflect.generics.tree.ClassTypeSignature.accept(ClassTypeSignature.java:49) ~[na:1.8.0_201]
	at sun.reflect.generics.repository.ClassRepository.getSuperclass(ClassRepository.java:90) ~[na:1.8.0_201]
	at java.lang.Class.getGenericSuperclass(Class.java:777) ~[na:1.8.0_201]
	at org.springframework.core.ResolvableType.getSuperType(ResolvableType.java:466) ~[spring-core-5.1.9.RELEASE.jar:5.1.9.RELEASE]
	at org.springframework.core.ResolvableType.as(ResolvableType.java:455) ~[spring-core-5.1.9.RELEASE.jar:5.1.9.RELEASE]
	at org.springframework.core.ResolvableType.forClass(ResolvableType.java:1037) ~[spring-core-5.1.9.RELEASE.jar:5.1.9.RELEASE]
	at org.springframework.boot.diagnostics.AbstractFailureAnalyzer.getCauseType(AbstractFailureAnalyzer.java:56) ~[spring-boot-2.1.7.RELEASE.jar:2.1.7.RELEASE]
	at org.springframework.boot.diagnostics.AbstractFailureAnalyzer.analyze(AbstractFailureAnalyzer.java:33) ~[spring-boot-2.1.7.RELEASE.jar:2.1.7.RELEASE]
	at org.springframework.boot.diagnostics.FailureAnalyzers.analyze(FailureAnalyzers.java:110) [spring-boot-2.1.7.RELEASE.jar:2.1.7.RELEASE]
	at org.springframework.boot.diagnostics.FailureAnalyzers.reportException(FailureAnalyzers.java:103) [spring-boot-2.1.7.RELEASE.jar:2.1.7.RELEASE]
	at org.springframework.boot.SpringApplication.reportFailure(SpringApplication.java:812) [spring-boot-2.1.7.RELEASE.jar:2.1.7.RELEASE]
	at org.springframework.boot.SpringApplication.handleRunFailure(SpringApplication.java:797) [spring-boot-2.1.7.RELEASE.jar:2.1.7.RELEASE]
	at org.springframework.boot.SpringApplication.run(SpringApplication.java:322) [spring-boot-2.1.7.RELEASE.jar:2.1.7.RELEASE]
	at org.springframework.boot.SpringApplication.run(SpringApplication.java:1214) [spring-boot-2.1.7.RELEASE.jar:2.1.7.RELEASE]
	at org.springframework.boot.SpringApplication.run(SpringApplication.java:1203) [spring-boot-2.1.7.RELEASE.jar:2.1.7.RELEASE]
	at dolores.oauthserver.OauthServerApplication.main(OauthServerApplication.java:12) [classes/:na]
Caused by: java.lang.ClassNotFoundException: javax.validation.ValidationException
	at java.net.URLClassLoader.findClass(URLClassLoader.java:382) ~[na:1.8.0_201]
	at java.lang.ClassLoader.loadClass(ClassLoader.java:424) ~[na:1.8.0_201]
	at sun.misc.Launcher$AppClassLoader.loadClass(Launcher.java:349) ~[na:1.8.0_201]
	at java.lang.ClassLoader.loadClass(ClassLoader.java:357) ~[na:1.8.0_201]
	at java.lang.Class.forName0(Native Method) ~[na:1.8.0_201]
	at java.lang.Class.forName(Class.java:348) ~[na:1.8.0_201]
	at sun.reflect.generics.factory.CoreReflectionFactory.makeNamedType(CoreReflectionFactory.java:114) ~[na:1.8.0_201]
	... 20 common frames omitted

2019-08-27 09:48:21.423 DEBUG 13016 --- [           main] o.s.boot.diagnostics.FailureAnalyzers    : FailureAnalyzer org.springframework.boot.autoconfigure.jdbc.HikariDriverConfigurationFailureAnalyzer@65bcf7c2 failed

java.lang.TypeNotPresentException: Type org.springframework.jdbc.CannotGetJdbcConnectionException not present
	at sun.reflect.generics.factory.CoreReflectionFactory.makeNamedType(CoreReflectionFactory.java:117) ~[na:1.8.0_201]
	at sun.reflect.generics.visitor.Reifier.visitClassTypeSignature(Reifier.java:125) ~[na:1.8.0_201]
	at sun.reflect.generics.tree.ClassTypeSignature.accept(ClassTypeSignature.java:49) ~[na:1.8.0_201]
	at sun.reflect.generics.visitor.Reifier.reifyTypeArguments(Reifier.java:68) ~[na:1.8.0_201]
	at sun.reflect.generics.visitor.Reifier.visitClassTypeSignature(Reifier.java:138) ~[na:1.8.0_201]
	at sun.reflect.generics.tree.ClassTypeSignature.accept(ClassTypeSignature.java:49) ~[na:1.8.0_201]
	at sun.reflect.generics.repository.ClassRepository.getSuperclass(ClassRepository.java:90) ~[na:1.8.0_201]
	at java.lang.Class.getGenericSuperclass(Class.java:777) ~[na:1.8.0_201]
	at org.springframework.core.ResolvableType.getSuperType(ResolvableType.java:466) ~[spring-core-5.1.9.RELEASE.jar:5.1.9.RELEASE]
	at org.springframework.core.ResolvableType.as(ResolvableType.java:455) ~[spring-core-5.1.9.RELEASE.jar:5.1.9.RELEASE]
	at org.springframework.core.ResolvableType.forClass(ResolvableType.java:1037) ~[spring-core-5.1.9.RELEASE.jar:5.1.9.RELEASE]
	at org.springframework.boot.diagnostics.AbstractFailureAnalyzer.getCauseType(AbstractFailureAnalyzer.java:56) ~[spring-boot-2.1.7.RELEASE.jar:2.1.7.RELEASE]
	at org.springframework.boot.diagnostics.AbstractFailureAnalyzer.analyze(AbstractFailureAnalyzer.java:33) ~[spring-boot-2.1.7.RELEASE.jar:2.1.7.RELEASE]
	at org.springframework.boot.diagnostics.FailureAnalyzers.analyze(FailureAnalyzers.java:110) [spring-boot-2.1.7.RELEASE.jar:2.1.7.RELEASE]
	at org.springframework.boot.diagnostics.FailureAnalyzers.reportException(FailureAnalyzers.java:103) [spring-boot-2.1.7.RELEASE.jar:2.1.7.RELEASE]
	at org.springframework.boot.SpringApplication.reportFailure(SpringApplication.java:812) [spring-boot-2.1.7.RELEASE.jar:2.1.7.RELEASE]
	at org.springframework.boot.SpringApplication.handleRunFailure(SpringApplication.java:797) [spring-boot-2.1.7.RELEASE.jar:2.1.7.RELEASE]
	at org.springframework.boot.SpringApplication.run(SpringApplication.java:322) [spring-boot-2.1.7.RELEASE.jar:2.1.7.RELEASE]
	at org.springframework.boot.SpringApplication.run(SpringApplication.java:1214) [spring-boot-2.1.7.RELEASE.jar:2.1.7.RELEASE]
	at org.springframework.boot.SpringApplication.run(SpringApplication.java:1203) [spring-boot-2.1.7.RELEASE.jar:2.1.7.RELEASE]
	at dolores.oauthserver.OauthServerApplication.main(OauthServerApplication.java:12) [classes/:na]
Caused by: java.lang.ClassNotFoundException: org.springframework.jdbc.CannotGetJdbcConnectionException
	at java.net.URLClassLoader.findClass(URLClassLoader.java:382) ~[na:1.8.0_201]
	at java.lang.ClassLoader.loadClass(ClassLoader.java:424) ~[na:1.8.0_201]
	at sun.misc.Launcher$AppClassLoader.loadClass(Launcher.java:349) ~[na:1.8.0_201]
	at java.lang.ClassLoader.loadClass(ClassLoader.java:357) ~[na:1.8.0_201]
	at java.lang.Class.forName0(Native Method) ~[na:1.8.0_201]
	at java.lang.Class.forName(Class.java:348) ~[na:1.8.0_201]
	at sun.reflect.generics.factory.CoreReflectionFactory.makeNamedType(CoreReflectionFactory.java:114) ~[na:1.8.0_201]
	... 20 common frames omitted

2019-08-27 09:48:21.424 ERROR 13016 --- [           main] o.s.boot.SpringApplication               : Application run failed

java.lang.IllegalStateException: Error processing condition on org.springframework.boot.autoconfigure.security.servlet.SecurityRequestMatcherProviderAutoConfiguration$MvcRequestMatcherConfiguration
	at org.springframework.boot.autoconfigure.condition.SpringBootCondition.matches(SpringBootCondition.java:60) ~[spring-boot-autoconfigure-2.1.7.RELEASE.jar:2.1.7.RELEASE]
	at org.springframework.context.annotation.ConditionEvaluator.shouldSkip(ConditionEvaluator.java:108) ~[spring-context-5.1.9.RELEASE.jar:5.1.9.RELEASE]
	at org.springframework.context.annotation.ConfigurationClassBeanDefinitionReader$TrackedConditionEvaluator.shouldSkip(ConfigurationClassBeanDefinitionReader.java:447) ~[spring-context-5.1.9.RELEASE.jar:5.1.9.RELEASE]
	at org.springframework.context.annotation.ConfigurationClassBeanDefinitionReader.loadBeanDefinitionsForConfigurationClass(ConfigurationClassBeanDefinitionReader.java:128) ~[spring-context-5.1.9.RELEASE.jar:5.1.9.RELEASE]
	at org.springframework.context.annotation.ConfigurationClassBeanDefinitionReader.loadBeanDefinitions(ConfigurationClassBeanDefinitionReader.java:117) ~[spring-context-5.1.9.RELEASE.jar:5.1.9.RELEASE]
	at org.springframework.context.annotation.ConfigurationClassPostProcessor.processConfigBeanDefinitions(ConfigurationClassPostProcessor.java:327) ~[spring-context-5.1.9.RELEASE.jar:5.1.9.RELEASE]
	at org.springframework.context.annotation.ConfigurationClassPostProcessor.postProcessBeanDefinitionRegistry(ConfigurationClassPostProcessor.java:232) ~[spring-context-5.1.9.RELEASE.jar:5.1.9.RELEASE]
	at org.springframework.context.support.PostProcessorRegistrationDelegate.invokeBeanDefinitionRegistryPostProcessors(PostProcessorRegistrationDelegate.java:275) ~[spring-context-5.1.9.RELEASE.jar:5.1.9.RELEASE]
	at org.springframework.context.support.PostProcessorRegistrationDelegate.invokeBeanFactoryPostProcessors(PostProcessorRegistrationDelegate.java:95) ~[spring-context-5.1.9.RELEASE.jar:5.1.9.RELEASE]
	at org.springframework.context.support.AbstractApplicationContext.invokeBeanFactoryPostProcessors(AbstractApplicationContext.java:705) ~[spring-context-5.1.9.RELEASE.jar:5.1.9.RELEASE]
	at org.springframework.context.support.AbstractApplicationContext.refresh(AbstractApplicationContext.java:531) ~[spring-context-5.1.9.RELEASE.jar:5.1.9.RELEASE]
	at org.springframework.boot.web.servlet.context.ServletWebServerApplicationContext.refresh(ServletWebServerApplicationContext.java:141) ~[spring-boot-2.1.7.RELEASE.jar:2.1.7.RELEASE]
	at org.springframework.boot.SpringApplication.refresh(SpringApplication.java:743) [spring-boot-2.1.7.RELEASE.jar:2.1.7.RELEASE]
	at org.springframework.boot.SpringApplication.refreshContext(SpringApplication.java:390) [spring-boot-2.1.7.RELEASE.jar:2.1.7.RELEASE]
	at org.springframework.boot.SpringApplication.run(SpringApplication.java:312) [spring-boot-2.1.7.RELEASE.jar:2.1.7.RELEASE]
	at org.springframework.boot.SpringApplication.run(SpringApplication.java:1214) [spring-boot-2.1.7.RELEASE.jar:2.1.7.RELEASE]
	at org.springframework.boot.SpringApplication.run(SpringApplication.java:1203) [spring-boot-2.1.7.RELEASE.jar:2.1.7.RELEASE]
	at dolores.oauthserver.OauthServerApplication.main(OauthServerApplication.java:12) [classes/:na]
Caused by: java.lang.IllegalStateException: Failed to introspect Class [org.springframework.boot.autoconfigure.security.servlet.SecurityFilterAutoConfiguration] from ClassLoader [sun.misc.Launcher$AppClassLoader@18b4aac2]
	at org.springframework.util.ReflectionUtils.getDeclaredMethods(ReflectionUtils.java:507) ~[spring-core-5.1.9.RELEASE.jar:5.1.9.RELEASE]
	at org.springframework.util.ReflectionUtils.doWithMethods(ReflectionUtils.java:404) ~[spring-core-5.1.9.RELEASE.jar:5.1.9.RELEASE]
	at org.springframework.util.ReflectionUtils.doWithMethods(ReflectionUtils.java:389) ~[spring-core-5.1.9.RELEASE.jar:5.1.9.RELEASE]
	at org.springframework.util.ReflectionUtils.getUniqueDeclaredMethods(ReflectionUtils.java:447) ~[spring-core-5.1.9.RELEASE.jar:5.1.9.RELEASE]
	at java.util.concurrent.ConcurrentHashMap.computeIfAbsent(ConcurrentHashMap.java:1688) ~[na:1.8.0_201]
	at org.springframework.beans.factory.support.AbstractAutowireCapableBeanFactory.getTypeForFactoryMethod(AbstractAutowireCapableBeanFactory.java:738) ~[spring-beans-5.1.9.RELEASE.jar:5.1.9.RELEASE]
	at org.springframework.beans.factory.support.AbstractAutowireCapableBeanFactory.determineTargetType(AbstractAutowireCapableBeanFactory.java:679) ~[spring-beans-5.1.9.RELEASE.jar:5.1.9.RELEASE]
	at org.springframework.beans.factory.support.AbstractAutowireCapableBeanFactory.predictBeanType(AbstractAutowireCapableBeanFactory.java:647) ~[spring-beans-5.1.9.RELEASE.jar:5.1.9.RELEASE]
	at org.springframework.beans.factory.support.AbstractBeanFactory.isFactoryBean(AbstractBeanFactory.java:1518) ~[spring-beans-5.1.9.RELEASE.jar:5.1.9.RELEASE]
	at org.springframework.beans.factory.support.AbstractBeanFactory.isFactoryBean(AbstractBeanFactory.java:1023) ~[spring-beans-5.1.9.RELEASE.jar:5.1.9.RELEASE]
	at org.springframework.boot.autoconfigure.condition.BeanTypeRegistry.addBeanTypeForNonAliasDefinition(BeanTypeRegistry.java:189) ~[spring-boot-autoconfigure-2.1.7.RELEASE.jar:2.1.7.RELEASE]
	at org.springframework.boot.autoconfigure.condition.BeanTypeRegistry.addBeanTypeForNonAliasDefinition(BeanTypeRegistry.java:156) ~[spring-boot-autoconfigure-2.1.7.RELEASE.jar:2.1.7.RELEASE]
	at org.springframework.boot.autoconfigure.condition.BeanTypeRegistry.addBeanType(BeanTypeRegistry.java:149) ~[spring-boot-autoconfigure-2.1.7.RELEASE.jar:2.1.7.RELEASE]
	at org.springframework.boot.autoconfigure.condition.BeanTypeRegistry.updateTypesIfNecessary(BeanTypeRegistry.java:137) ~[spring-boot-autoconfigure-2.1.7.RELEASE.jar:2.1.7.RELEASE]
	at java.util.Iterator.forEachRemaining(Iterator.java:116) ~[na:1.8.0_201]
	at org.springframework.boot.autoconfigure.condition.BeanTypeRegistry.updateTypesIfNecessary(BeanTypeRegistry.java:132) ~[spring-boot-autoconfigure-2.1.7.RELEASE.jar:2.1.7.RELEASE]
	at org.springframework.boot.autoconfigure.condition.BeanTypeRegistry.getNamesForType(BeanTypeRegistry.java:96) ~[spring-boot-autoconfigure-2.1.7.RELEASE.jar:2.1.7.RELEASE]
	at org.springframework.boot.autoconfigure.condition.OnBeanCondition.collectBeanNamesForType(OnBeanCondition.java:269) ~[spring-boot-autoconfigure-2.1.7.RELEASE.jar:2.1.7.RELEASE]
	at org.springframework.boot.autoconfigure.condition.OnBeanCondition.getBeanNamesForType(OnBeanCondition.java:262) ~[spring-boot-autoconfigure-2.1.7.RELEASE.jar:2.1.7.RELEASE]
	at org.springframework.boot.autoconfigure.condition.OnBeanCondition.getBeanNamesForType(OnBeanCondition.java:251) ~[spring-boot-autoconfigure-2.1.7.RELEASE.jar:2.1.7.RELEASE]
	at org.springframework.boot.autoconfigure.condition.OnBeanCondition.getMatchingBeans(OnBeanCondition.java:171) ~[spring-boot-autoconfigure-2.1.7.RELEASE.jar:2.1.7.RELEASE]
	at org.springframework.boot.autoconfigure.condition.OnBeanCondition.getMatchOutcome(OnBeanCondition.java:117) ~[spring-boot-autoconfigure-2.1.7.RELEASE.jar:2.1.7.RELEASE]
	at org.springframework.boot.autoconfigure.condition.SpringBootCondition.matches(SpringBootCondition.java:47) ~[spring-boot-autoconfigure-2.1.7.RELEASE.jar:2.1.7.RELEASE]
	... 17 common frames omitted
Caused by: java.lang.NoClassDefFoundError: javax/servlet/DispatcherType
	at java.lang.Class.getDeclaredMethods0(Native Method) ~[na:1.8.0_201]
	at java.lang.Class.privateGetDeclaredMethods(Class.java:2701) ~[na:1.8.0_201]
	at java.lang.Class.getDeclaredMethods(Class.java:1975) ~[na:1.8.0_201]
	at org.springframework.util.ReflectionUtils.getDeclaredMethods(ReflectionUtils.java:489) ~[spring-core-5.1.9.RELEASE.jar:5.1.9.RELEASE]
	... 39 common frames omitted
Caused by: java.lang.ClassNotFoundException: javax.servlet.DispatcherType
	at java.net.URLClassLoader.findClass(URLClassLoader.java:382) ~[na:1.8.0_201]
	at java.lang.ClassLoader.loadClass(ClassLoader.java:424) ~[na:1.8.0_201]
	at sun.misc.Launcher$AppClassLoader.loadClass(Launcher.java:349) ~[na:1.8.0_201]
	at java.lang.ClassLoader.loadClass(ClassLoader.java:357) ~[na:1.8.0_201]
	... 43 common frames omitted

2019-08-27 09:48:21.425 DEBUG 13016 --- [           main] ConfigServletWebServerApplicationContext : Closing org.springframework.boot.web.servlet.context.AnnotationConfigServletWebServerApplicationContext@61eaec38, started on Tue Aug 27 09:48:20 CST 2019, parent: org.springframework.context.annotation.AnnotationConfigApplicationContext@1fe20588
2019-08-27 09:48:21.426  WARN 13016 --- [           main] o.s.boot.SpringApplication               : Unable to close ApplicationContext

java.lang.IllegalStateException: Failed to introspect Class [org.springframework.boot.autoconfigure.security.servlet.SecurityFilterAutoConfiguration] from ClassLoader [sun.misc.Launcher$AppClassLoader@18b4aac2]
	at org.springframework.util.ReflectionUtils.getDeclaredMethods(ReflectionUtils.java:507) ~[spring-core-5.1.9.RELEASE.jar:5.1.9.RELEASE]
	at org.springframework.util.ReflectionUtils.doWithMethods(ReflectionUtils.java:404) ~[spring-core-5.1.9.RELEASE.jar:5.1.9.RELEASE]
	at org.springframework.util.ReflectionUtils.doWithMethods(ReflectionUtils.java:389) ~[spring-core-5.1.9.RELEASE.jar:5.1.9.RELEASE]
	at org.springframework.util.ReflectionUtils.getUniqueDeclaredMethods(ReflectionUtils.java:447) ~[spring-core-5.1.9.RELEASE.jar:5.1.9.RELEASE]
	at java.util.concurrent.ConcurrentHashMap.computeIfAbsent(ConcurrentHashMap.java:1688) ~[na:1.8.0_201]
	at org.springframework.beans.factory.support.AbstractAutowireCapableBeanFactory.getTypeForFactoryMethod(AbstractAutowireCapableBeanFactory.java:738) ~[spring-beans-5.1.9.RELEASE.jar:5.1.9.RELEASE]
	at org.springframework.beans.factory.support.AbstractAutowireCapableBeanFactory.determineTargetType(AbstractAutowireCapableBeanFactory.java:679) ~[spring-beans-5.1.9.RELEASE.jar:5.1.9.RELEASE]
	at org.springframework.beans.factory.support.AbstractAutowireCapableBeanFactory.predictBeanType(AbstractAutowireCapableBeanFactory.java:647) ~[spring-beans-5.1.9.RELEASE.jar:5.1.9.RELEASE]
	at org.springframework.beans.factory.support.AbstractBeanFactory.isFactoryBean(AbstractBeanFactory.java:1518) ~[spring-beans-5.1.9.RELEASE.jar:5.1.9.RELEASE]
	at org.springframework.beans.factory.support.DefaultListableBeanFactory.doGetBeanNamesForType(DefaultListableBeanFactory.java:511) ~[spring-beans-5.1.9.RELEASE.jar:5.1.9.RELEASE]
	at org.springframework.beans.factory.support.DefaultListableBeanFactory.getBeanNamesForType(DefaultListableBeanFactory.java:481) ~[spring-beans-5.1.9.RELEASE.jar:5.1.9.RELEASE]
	at org.springframework.beans.factory.support.DefaultListableBeanFactory.getBeansOfType(DefaultListableBeanFactory.java:602) ~[spring-beans-5.1.9.RELEASE.jar:5.1.9.RELEASE]
	at org.springframework.beans.factory.support.DefaultListableBeanFactory.getBeansOfType(DefaultListableBeanFactory.java:594) ~[spring-beans-5.1.9.RELEASE.jar:5.1.9.RELEASE]
	at org.springframework.context.support.AbstractApplicationContext.getBeansOfType(AbstractApplicationContext.java:1226) ~[spring-context-5.1.9.RELEASE.jar:5.1.9.RELEASE]
	at org.springframework.boot.SpringApplication.getExitCodeFromMappedException(SpringApplication.java:865) [spring-boot-2.1.7.RELEASE.jar:2.1.7.RELEASE]
	at org.springframework.boot.SpringApplication.getExitCodeFromException(SpringApplication.java:853) [spring-boot-2.1.7.RELEASE.jar:2.1.7.RELEASE]
	at org.springframework.boot.SpringApplication.handleExitCode(SpringApplication.java:840) [spring-boot-2.1.7.RELEASE.jar:2.1.7.RELEASE]
	at org.springframework.boot.SpringApplication.handleRunFailure(SpringApplication.java:791) [spring-boot-2.1.7.RELEASE.jar:2.1.7.RELEASE]
	at org.springframework.boot.SpringApplication.run(SpringApplication.java:322) [spring-boot-2.1.7.RELEASE.jar:2.1.7.RELEASE]
	at org.springframework.boot.SpringApplication.run(SpringApplication.java:1214) [spring-boot-2.1.7.RELEASE.jar:2.1.7.RELEASE]
	at org.springframework.boot.SpringApplication.run(SpringApplication.java:1203) [spring-boot-2.1.7.RELEASE.jar:2.1.7.RELEASE]
	at dolores.oauthserver.OauthServerApplication.main(OauthServerApplication.java:12) [classes/:na]
Caused by: java.lang.NoClassDefFoundError: javax/servlet/DispatcherType
	at java.lang.Class.getDeclaredMethods0(Native Method) ~[na:1.8.0_201]
	at java.lang.Class.privateGetDeclaredMethods(Class.java:2701) ~[na:1.8.0_201]
	at java.lang.Class.getDeclaredMethods(Class.java:1975) ~[na:1.8.0_201]
	at org.springframework.util.ReflectionUtils.getDeclaredMethods(ReflectionUtils.java:489) ~[spring-core-5.1.9.RELEASE.jar:5.1.9.RELEASE]
	... 21 common frames omitted
Caused by: java.lang.ClassNotFoundException: javax.servlet.DispatcherType
	at java.net.URLClassLoader.findClass(URLClassLoader.java:382) ~[na:1.8.0_201]
	at java.lang.ClassLoader.loadClass(ClassLoader.java:424) ~[na:1.8.0_201]
	at sun.misc.Launcher$AppClassLoader.loadClass(Launcher.java:349) ~[na:1.8.0_201]
	at java.lang.ClassLoader.loadClass(ClassLoader.java:357) ~[na:1.8.0_201]
	... 25 common frames omitted


Process finished with exit code 1
